TN:
SF:src/errors/index.ts
FN:6,AppError
FNF:1
FNH:1
FNDA:1,AppError
DA:1,2
DA:2,2
DA:3,2
DA:4,2
DA:5,2
DA:6,2
DA:7,1
DA:8,1
DA:9,1
DA:10,2
LF:10
LH:10
BRDA:1,0,0,2
BRDA:6,1,0,1
BRDA:6,2,0,0
BRF:3
BRH:2
end_of_record
TN:
SF:src/modules/users/entities/User.ts
FN:25,User
FNF:1
FNH:1
FNDA:2,User
DA:1,1
DA:2,1
DA:3,1
DA:4,1
DA:5,2
DA:6,2
DA:7,2
DA:8,2
DA:9,2
DA:10,2
DA:11,2
DA:12,2
DA:13,2
DA:14,2
DA:15,2
DA:16,2
DA:17,2
DA:18,2
DA:19,2
DA:20,2
DA:21,2
DA:22,2
DA:23,2
DA:24,2
DA:25,2
DA:26,2
DA:27,2
DA:28,2
DA:29,2
DA:30,2
DA:31,2
LF:31
LH:31
BRDA:5,0,0,2
BRDA:25,1,0,2
BRF:2
BRH:2
end_of_record
TN:
SF:src/modules/users/repositories/in-memory/UserRepositoryInMemory.ts
FN:5,UserRepositoryInMemory
FN:9,Object.<anonymous>.UserRepositoryInMemory.listUserById
FN:16,Object.<anonymous>.UserRepositoryInMemory.create
FN:28,Object.<anonymous>.UserRepositoryInMemory.checkIfEmailAlreadyExist
FNF:4
FNH:4
FNDA:3,UserRepositoryInMemory
FNDA:2,Object.<anonymous>.UserRepositoryInMemory.listUserById
FNDA:2,Object.<anonymous>.UserRepositoryInMemory.create
FNDA:2,Object.<anonymous>.UserRepositoryInMemory.checkIfEmailAlreadyExist
DA:1,1
DA:2,1
DA:3,1
DA:4,1
DA:5,3
DA:6,3
DA:7,3
DA:8,3
DA:9,3
DA:10,2
DA:11,2
DA:12,2
DA:13,2
DA:14,2
DA:15,2
DA:16,3
DA:17,2
DA:18,2
DA:19,2
DA:20,2
DA:21,2
DA:22,2
DA:23,2
DA:24,2
DA:25,2
DA:26,2
DA:27,3
DA:28,3
DA:29,2
DA:30,2
DA:31,2
DA:32,2
DA:33,3
DA:34,1
DA:35,1
LF:35
LH:35
BRDA:5,0,0,2
BRDA:5,1,0,3
BRDA:9,2,0,2
BRDA:12,3,0,1
BRDA:12,4,0,1
BRDA:10,5,0,1
BRDA:16,6,0,2
BRDA:28,7,0,2
BRF:8
BRH:8
end_of_record
TN:
SF:src/modules/users/useCases/CreateUser/CreateUserUseCase.ts
FN:12,CreateUserUseCase
FN:17,Object.<anonymous>.CreateUserUseCase.execute
FNF:2
FNH:2
FNDA:3,CreateUserUseCase
FNDA:2,Object.<anonymous>.CreateUserUseCase.execute
DA:1,1
DA:2,1
DA:3,1
DA:4,1
DA:5,1
DA:6,1
DA:7,1
DA:8,1
DA:9,1
DA:10,2
DA:11,2
DA:12,2
DA:13,3
DA:14,3
DA:15,3
DA:16,2
DA:17,2
DA:18,2
DA:19,0
DA:20,0
DA:21,2
DA:22,2
DA:23,0
DA:24,0
DA:25,2
DA:26,2
DA:27,0
DA:28,0
DA:29,2
DA:30,2
DA:31,2
DA:32,2
DA:33,0
DA:34,0
DA:35,2
DA:36,2
DA:37,2
DA:38,2
DA:39,2
DA:40,2
DA:41,2
DA:42,2
DA:43,2
DA:44,1
DA:45,1
LF:45
LH:37
BRDA:10,0,0,2
BRDA:12,1,0,3
BRDA:17,2,0,2
BRDA:18,3,0,0
BRDA:22,4,0,0
BRDA:26,5,0,0
BRDA:32,6,0,0
BRF:7
BRH:3
end_of_record
TN:
SF:src/modules/users/useCases/ListUser/ListUserByIdUseCase.ts
FN:10,ListUserByIdUseCase
FN:15,Object.<anonymous>.ListUserByIdUseCase.execute
FNF:2
FNH:2
FNDA:2,ListUserByIdUseCase
FNDA:2,Object.<anonymous>.ListUserByIdUseCase.execute
DA:1,1
DA:2,1
DA:3,1
DA:4,1
DA:5,1
DA:6,1
DA:7,1
DA:8,1
DA:9,1
DA:10,1
DA:11,2
DA:12,2
DA:13,2
DA:14,1
DA:15,1
DA:16,2
DA:17,2
DA:18,2
DA:19,1
DA:20,1
DA:21,1
DA:22,1
DA:23,2
DA:24,1
DA:25,1
DA:26,1
LF:26
LH:26
BRDA:8,0,0,1
BRDA:10,1,0,2
BRDA:15,2,0,2
BRDA:16,3,0,2
BRDA:18,4,0,1
BRDA:18,5,0,1
BRDA:18,6,0,1
BRF:7
BRH:7
end_of_record
