TN:
SF:src/errors/index.ts
FN:8,AppError
FNF:1
FNH:1
FNDA:5,AppError
DA:1,2
DA:2,2
DA:3,2
DA:4,2
DA:5,2
DA:6,2
DA:7,2
DA:8,2
DA:9,5
DA:10,5
DA:11,5
DA:12,5
DA:13,2
LF:13
LH:13
BRDA:1,0,0,2
BRDA:8,1,0,5
BRDA:8,2,0,0
BRDA:8,3,0,1
BRF:4
BRH:3
end_of_record
TN:
SF:src/modules/users/entities/User.ts
FN:25,User
FNF:1
FNH:1
FNDA:3,User
DA:1,1
DA:2,1
DA:3,1
DA:4,1
DA:5,2
DA:6,2
DA:7,2
DA:8,2
DA:9,2
DA:10,2
DA:11,2
DA:12,2
DA:13,2
DA:14,2
DA:15,2
DA:16,2
DA:17,2
DA:18,2
DA:19,2
DA:20,2
DA:21,2
DA:22,2
DA:23,2
DA:24,2
DA:25,2
DA:26,3
DA:27,3
DA:28,3
DA:29,3
DA:30,2
DA:31,2
LF:31
LH:31
BRDA:5,0,0,2
BRDA:25,1,0,3
BRF:2
BRH:2
end_of_record
TN:
SF:src/modules/users/repositories/in-memory/UserRepositoryInMemory.ts
FN:5,UserRepositoryInMemory
FN:9,Object.<anonymous>.UserRepositoryInMemory.listUserById
FN:16,Object.<anonymous>.UserRepositoryInMemory.create
FN:28,Object.<anonymous>.UserRepositoryInMemory.findByEmail
FNF:4
FNH:4
FNDA:7,UserRepositoryInMemory
FNDA:2,Object.<anonymous>.UserRepositoryInMemory.listUserById
FNDA:3,Object.<anonymous>.UserRepositoryInMemory.create
FNDA:4,Object.<anonymous>.UserRepositoryInMemory.findByEmail
DA:1,1
DA:2,1
DA:3,1
DA:4,1
DA:5,7
DA:6,7
DA:7,7
DA:8,7
DA:9,7
DA:10,2
DA:11,2
DA:12,2
DA:13,2
DA:14,2
DA:15,2
DA:16,7
DA:17,3
DA:18,3
DA:19,3
DA:20,3
DA:21,3
DA:22,3
DA:23,3
DA:24,3
DA:25,3
DA:26,3
DA:27,7
DA:28,7
DA:29,4
DA:30,4
DA:31,4
DA:32,4
DA:33,7
DA:34,1
DA:35,1
LF:35
LH:35
BRDA:5,0,0,2
BRDA:5,1,0,7
BRDA:9,2,0,2
BRDA:12,3,0,1
BRDA:12,4,0,1
BRDA:10,5,0,1
BRDA:16,6,0,3
BRDA:28,7,0,4
BRDA:31,8,0,1
BRDA:31,9,0,3
BRDA:29,10,0,1
BRF:11
BRH:11
end_of_record
TN:
SF:src/modules/users/useCases/CreateUser/CreateUserUseCase.ts
FN:12,CreateUserUseCase
FN:17,Object.<anonymous>.CreateUserUseCase.execute
FNF:2
FNH:2
FNDA:7,CreateUserUseCase
FNDA:7,Object.<anonymous>.CreateUserUseCase.execute
DA:1,1
DA:2,1
DA:3,1
DA:4,1
DA:5,1
DA:6,1
DA:7,1
DA:8,1
DA:9,1
DA:10,2
DA:11,2
DA:12,2
DA:13,7
DA:14,7
DA:15,7
DA:16,2
DA:17,2
DA:18,7
DA:19,1
DA:20,1
DA:21,6
DA:22,7
DA:23,1
DA:24,1
DA:25,5
DA:26,7
DA:27,1
DA:28,1
DA:29,4
DA:30,4
DA:31,7
DA:32,7
DA:33,1
DA:34,1
DA:35,3
DA:36,3
DA:37,7
DA:38,7
DA:39,7
DA:40,7
DA:41,7
DA:42,7
DA:43,2
DA:44,1
DA:45,1
LF:45
LH:45
BRDA:10,0,0,2
BRDA:12,1,0,7
BRDA:17,2,0,7
BRDA:18,3,0,1
BRDA:21,4,0,6
BRDA:22,5,0,1
BRDA:25,6,0,5
BRDA:26,7,0,1
BRDA:29,8,0,4
BRDA:32,9,0,1
BRDA:35,10,0,3
BRF:11
BRH:11
end_of_record
TN:
SF:src/modules/users/useCases/ListUser/ListUserByIdUseCase.ts
FN:10,ListUserByIdUseCase
FN:15,Object.<anonymous>.ListUserByIdUseCase.execute
FNF:2
FNH:2
FNDA:2,ListUserByIdUseCase
FNDA:2,Object.<anonymous>.ListUserByIdUseCase.execute
DA:1,1
DA:2,1
DA:3,1
DA:4,1
DA:5,1
DA:6,1
DA:7,1
DA:8,1
DA:9,1
DA:10,1
DA:11,2
DA:12,2
DA:13,2
DA:14,1
DA:15,1
DA:16,2
DA:17,2
DA:18,2
DA:19,1
DA:20,1
DA:21,1
DA:22,1
DA:23,2
DA:24,1
DA:25,1
DA:26,1
LF:26
LH:26
BRDA:8,0,0,1
BRDA:10,1,0,2
BRDA:15,2,0,2
BRDA:16,3,0,2
BRDA:18,4,0,1
BRDA:18,5,0,1
BRDA:18,6,0,1
BRF:7
BRH:7
end_of_record
