TN:
SF:src/context/index.tsx
FN:13,AppProviders
FNF:1
FNH:0
FNDA:0,AppProviders
DA:14,0
LF:1
LH:0
BRF:0
BRH:0
end_of_record
TN:
SF:src/routes/app.routes.tsx
FN:9,AppRoutes
FNF:1
FNH:0
FNDA:0,AppRoutes
DA:7,0
DA:10,0
LF:2
LH:0
BRF:0
BRH:0
end_of_record
TN:
SF:src/routes/index.tsx
FN:6,Routes
FNF:1
FNH:0
FNDA:0,Routes
DA:7,0
LF:1
LH:0
BRF:0
BRH:0
end_of_record
TN:
SF:src/screens/GasPriceShow/index.tsx
FN:15,GasPriceShow
FNF:1
FNH:1
FNDA:3,GasPriceShow
DA:16,3
DA:17,3
DA:18,3
DA:20,3
LF:4
LH:4
BRF:0
BRH:0
end_of_record
TN:
SF:src/screens/Home/index.tsx
FN:32,Home
FN:43,(anonymous_1)
FN:50,(anonymous_2)
FNF:3
FNH:2
FNDA:2,Home
FNDA:2,(anonymous_1)
FNDA:0,(anonymous_2)
DA:22,1
DA:27,1
DA:33,2
DA:36,2
DA:38,2
DA:41,2
DA:43,2
DA:44,2
DA:45,0
DA:49,2
DA:51,0
DA:52,0
DA:53,0
DA:56,0
DA:58,0
DA:61,0
DA:63,0
DA:70,2
LF:18
LH:10
BRDA:44,0,0,0
BRDA:44,0,1,2
BRDA:51,1,0,0
BRDA:51,1,1,0
BRF:4
BRH:1
end_of_record
TN:
SF:src/screens/Home/DemandWrapper/index.tsx
FN:14,DemandWrapper
FN:28,(anonymous_1)
FN:35,(anonymous_2)
FNF:3
FNH:3
FNDA:8,DemandWrapper
FNDA:1,(anonymous_1)
FNDA:1,(anonymous_2)
DA:19,8
DA:28,1
DA:35,1
LF:3
LH:3
BRDA:40,0,0,8
BRDA:40,0,1,5
BRF:2
BRH:2
end_of_record
TN:
SF:src/screens/Home/DemandWrapper/DemandButton/index.tsx
FN:13,DemandButton
FNF:1
FNH:1
FNDA:18,DemandButton
DA:14,18
LF:1
LH:1
BRF:0
BRH:0
end_of_record
TN:
SF:src/shared/components/Form/Buttons/PrimaryButton/index.tsx
FN:9,PrimaryButton
FNF:1
FNH:1
FNDA:6,PrimaryButton
DA:10,6
LF:1
LH:1
BRF:0
BRH:0
end_of_record
TN:
SF:src/shared/components/Form/Inputs/Input/index.tsx
FN:25,(anonymous_0)
FN:32,(anonymous_1)
FN:33,(anonymous_2)
FN:40,(anonymous_3)
FN:55,(anonymous_4)
FNF:5
FNH:2
FNDA:2,(anonymous_0)
FNDA:0,(anonymous_1)
FNDA:0,(anonymous_2)
FNDA:2,(anonymous_3)
FNDA:0,(anonymous_4)
DA:25,1
DA:29,2
DA:30,2
DA:32,2
DA:33,0
DA:36,2
DA:44,2
DA:52,2
DA:56,0
DA:57,0
DA:82,1
LF:11
LH:8
BRDA:26,0,0,0
BRDA:44,1,0,0
BRDA:44,1,1,2
BRDA:46,2,0,0
BRDA:46,2,1,2
BRDA:48,3,0,0
BRDA:48,3,1,2
BRF:7
BRH:3
end_of_record
TN:
SF:src/shared/components/Form/Inputs/InputMask/index.tsx
FN:26,InputMask
FN:36,(anonymous_1)
FN:37,(anonymous_2)
FN:44,(anonymous_3)
FN:60,(anonymous_4)
FN:64,(anonymous_5)
FNF:6
FNH:2
FNDA:2,InputMask
FNDA:0,(anonymous_1)
FNDA:0,(anonymous_2)
FNDA:2,(anonymous_3)
FNDA:0,(anonymous_4)
FNDA:0,(anonymous_5)
DA:34,2
DA:36,2
DA:37,0
DA:40,2
DA:48,2
DA:56,2
DA:61,0
DA:62,0
DA:64,0
LF:9
LH:5
BRDA:27,0,0,0
BRDA:48,1,0,0
BRDA:48,1,1,2
BRDA:50,2,0,0
BRDA:50,2,1,2
BRDA:52,3,0,0
BRDA:52,3,1,2
BRF:7
BRH:3
end_of_record
TN:
SF:src/shared/components/SafeAreaView/index.tsx
FN:14,SafeAreaView
FN:19,(anonymous_1)
FNF:2
FNH:2
FNDA:6,SafeAreaView
FNDA:24,(anonymous_1)
DA:12,2
DA:19,24
DA:21,6
LF:3
LH:3
BRF:0
BRH:0
end_of_record
TN:
SF:src/shared/components/StatusBar/index.tsx
FN:8,StatusBar
FNF:1
FNH:1
FNDA:7,StatusBar
DA:9,7
LF:1
LH:1
BRF:0
BRH:0
end_of_record
