TN:
SF:src/context/index.tsx
FN:15,AppProviders
FNF:1
FNH:0
FNDA:0,AppProviders
DA:16,0
LF:1
LH:0
BRF:0
BRH:0
end_of_record
TN:
SF:src/routes/app.routes.tsx
FN:10,AppRoutes
FNF:1
FNH:0
FNDA:0,AppRoutes
DA:8,0
DA:11,0
LF:2
LH:0
BRF:0
BRH:0
end_of_record
TN:
SF:src/routes/index.tsx
FN:6,Routes
FNF:1
FNH:0
FNDA:0,Routes
DA:7,0
LF:1
LH:0
BRF:0
BRH:0
end_of_record
TN:
SF:src/screens/CreateUser/index.tsx
FN:28,CreateUser
FN:33,(anonymous_1)
FN:61,(anonymous_2)
FN:74,(anonymous_3)
FN:87,(anonymous_4)
FNF:5
FNH:0
FNDA:0,CreateUser
FNDA:0,(anonymous_1)
FNDA:0,(anonymous_2)
FNDA:0,(anonymous_3)
FNDA:0,(anonymous_4)
DA:21,0
DA:29,0
DA:33,0
DA:34,0
DA:37,0
DA:61,0
DA:74,0
DA:87,0
LF:8
LH:0
BRF:0
BRH:0
end_of_record
TN:
SF:src/screens/GasPriceShow/index.tsx
FN:17,GasPriceShow
FNF:1
FNH:0
FNDA:0,GasPriceShow
DA:18,0
DA:19,0
DA:20,0
DA:22,0
LF:4
LH:0
BRF:0
BRH:0
end_of_record
TN:
SF:src/screens/GasPriceShow/old-test-GasPriceShow.tsx
FNF:0
FNH:0
LF:0
LH:0
BRF:0
BRH:0
end_of_record
TN:
SF:src/screens/Home/OLD_TEST_Home.tsx
FNF:0
FNH:0
LF:0
LH:0
BRF:0
BRH:0
end_of_record
TN:
SF:src/screens/Home/index.tsx
FN:35,Home
FN:46,(anonymous_1)
FN:53,(anonymous_2)
FN:94,(anonymous_3)
FNF:4
FNH:0
FNDA:0,Home
FNDA:0,(anonymous_1)
FNDA:0,(anonymous_2)
FNDA:0,(anonymous_3)
DA:25,0
DA:30,0
DA:36,0
DA:39,0
DA:41,0
DA:44,0
DA:46,0
DA:47,0
DA:48,0
DA:52,0
DA:54,0
DA:55,0
DA:56,0
DA:59,0
DA:61,0
DA:64,0
DA:66,0
DA:73,0
DA:94,0
LF:19
LH:0
BRDA:47,0,0,0
BRDA:47,0,1,0
BRDA:54,1,0,0
BRDA:54,1,1,0
BRF:4
BRH:0
end_of_record
TN:
SF:src/screens/Home/DemandWrapper/index.tsx
FN:15,DemandWrapper
FN:31,(anonymous_1)
FN:38,(anonymous_2)
FNF:3
FNH:0
FNDA:0,DemandWrapper
FNDA:0,(anonymous_1)
FNDA:0,(anonymous_2)
DA:20,0
DA:31,0
DA:38,0
LF:3
LH:0
BRDA:43,0,0,0
BRDA:43,0,1,0
BRF:2
BRH:0
end_of_record
TN:
SF:src/screens/Home/DemandWrapper/old-test-DemandWrapper.tsx
FN:8,(anonymous_0)
FN:12,(anonymous_1)
FN:13,(anonymous_2)
FN:18,(anonymous_3)
FN:33,(anonymous_4)
FN:38,(anonymous_5)
FN:55,(anonymous_6)
FN:60,(anonymous_7)
FN:75,(anonymous_8)
FN:80,(anonymous_9)
FN:95,(anonymous_10)
FN:97,(anonymous_11)
FN:118,(anonymous_12)
FN:120,(anonymous_13)
FNF:14
FNH:0
FNDA:0,(anonymous_0)
FNDA:0,(anonymous_1)
FNDA:0,(anonymous_2)
FNDA:0,(anonymous_3)
FNDA:0,(anonymous_4)
FNDA:0,(anonymous_5)
FNDA:0,(anonymous_6)
FNDA:0,(anonymous_7)
FNDA:0,(anonymous_8)
FNDA:0,(anonymous_9)
FNDA:0,(anonymous_10)
FNDA:0,(anonymous_11)
FNDA:0,(anonymous_12)
FNDA:0,(anonymous_13)
DA:8,0
DA:9,0
DA:12,0
DA:13,0
DA:14,0
DA:15,0
DA:19,0
DA:28,0
DA:30,0
DA:33,0
DA:34,0
DA:35,0
DA:39,0
DA:48,0
DA:52,0
DA:55,0
DA:56,0
DA:57,0
DA:61,0
DA:70,0
DA:72,0
DA:75,0
DA:76,0
DA:77,0
DA:81,0
DA:90,0
DA:92,0
DA:95,0
DA:96,0
DA:97,0
DA:98,0
DA:100,0
DA:111,0
DA:113,0
DA:115,0
DA:118,0
DA:119,0
DA:120,0
DA:121,0
DA:123,0
DA:134,0
DA:136,0
DA:138,0
LF:43
LH:0
BRF:0
BRH:0
end_of_record
TN:
SF:src/screens/Home/DemandWrapper/DemandButton/index.tsx
FN:14,DemandButton
FNF:1
FNH:0
FNDA:0,DemandButton
DA:15,0
LF:1
LH:0
BRDA:19,0,0,0
BRDA:19,0,1,0
BRDA:29,1,0,0
BRDA:29,1,1,0
BRDA:30,2,0,0
BRDA:30,2,1,0
BRF:6
BRH:0
end_of_record
TN:
SF:src/screens/Home/DemandWrapper/DemandButton/old-test-DemandButton.tsx
FN:8,(anonymous_0)
FN:12,(anonymous_1)
FN:13,(anonymous_2)
FN:26,(anonymous_3)
FNF:4
FNH:0
FNDA:0,(anonymous_0)
FNDA:0,(anonymous_1)
FNDA:0,(anonymous_2)
FNDA:0,(anonymous_3)
DA:8,0
DA:9,0
DA:12,0
DA:13,0
DA:14,0
DA:21,0
DA:23,0
DA:26,0
DA:27,0
DA:39,0
DA:40,0
DA:41,0
DA:43,0
DA:44,0
DA:45,0
DA:46,0
LF:16
LH:0
BRF:0
BRH:0
end_of_record
TN:
SF:src/shared/components/Form/Buttons/Button/index.tsx
FN:12,Button
FNF:1
FNH:1
FNDA:9,Button
DA:13,9
DA:14,3
DA:23,6
DA:24,3
DA:38,3
LF:5
LH:5
BRDA:12,0,0,0
BRDA:13,1,0,3
BRDA:13,1,1,6
BRDA:23,2,0,3
BRDA:23,2,1,3
BRF:5
BRH:4
end_of_record
TN:
SF:src/shared/components/Form/Inputs/Footer.tsx
FN:10,(anonymous_0)
FNF:1
FNH:0
FNDA:0,(anonymous_0)
DA:10,0
DA:11,0
LF:2
LH:0
BRDA:22,0,0,0
BRDA:22,0,1,0
BRF:2
BRH:0
end_of_record
TN:
SF:src/shared/components/Form/Inputs/Label.tsx
FN:9,(anonymous_0)
FNF:1
FNH:0
FNDA:0,(anonymous_0)
DA:9,0
DA:10,0
LF:2
LH:0
BRF:0
BRH:0
end_of_record
TN:
SF:src/shared/components/Form/Inputs/Input/TogglePassword.tsx
FN:10,(anonymous_0)
FNF:1
FNH:0
FNDA:0,(anonymous_0)
DA:10,0
DA:14,0
LF:2
LH:0
BRDA:18,0,0,0
BRDA:18,0,1,0
BRF:2
BRH:0
end_of_record
TN:
SF:src/shared/components/Form/Inputs/Input/index.tsx
FN:27,Input
FN:38,(anonymous_1)
FN:39,(anonymous_2)
FN:45,(anonymous_3)
FNF:4
FNH:0
FNDA:0,Input
FNDA:0,(anonymous_1)
FNDA:0,(anonymous_2)
FNDA:0,(anonymous_3)
DA:34,0
DA:38,0
DA:39,0
DA:42,0
DA:49,0
LF:5
LH:0
BRDA:28,0,0,0
BRDA:29,1,0,0
BRDA:51,2,0,0
BRDA:51,2,1,0
BRDA:54,3,0,0
BRDA:54,3,1,0
BRDA:67,4,0,0
BRDA:67,4,1,0
BRDA:69,5,0,0
BRDA:69,5,1,0
BRDA:76,6,0,0
BRDA:76,6,1,0
BRF:12
BRH:0
end_of_record
TN:
SF:src/shared/components/Form/Inputs/InputMask/index.tsx
FN:33,InputMask
FN:44,(anonymous_1)
FN:55,(anonymous_2)
FNF:3
FNH:0
FNDA:0,InputMask
FNDA:0,(anonymous_1)
FNDA:0,(anonymous_2)
DA:41,0
DA:48,0
DA:55,0
LF:3
LH:0
BRDA:34,0,0,0
BRDA:50,1,0,0
BRDA:50,1,1,0
BRDA:70,2,0,0
BRDA:70,2,1,0
BRDA:72,3,0,0
BRDA:72,3,1,0
BRF:7
BRH:0
end_of_record
TN:
SF:src/shared/components/SafeAreaView/index.tsx
FN:14,SafeAreaView
FN:19,(anonymous_1)
FNF:2
FNH:2
FNDA:3,SafeAreaView
FNDA:12,(anonymous_1)
DA:12,1
DA:19,12
DA:21,3
LF:3
LH:3
BRF:0
BRH:0
end_of_record
TN:
SF:src/shared/components/StatusBar/index.tsx
FN:8,StatusBar
FNF:1
FNH:1
FNDA:2,StatusBar
DA:9,2
LF:1
LH:1
BRF:0
BRH:0
end_of_record
TN:
SF:src/test/FakeNativeBaseProvider.tsx
FN:14,FakeNativeBaseProvider
FNF:1
FNH:1
FNDA:18,FakeNativeBaseProvider
DA:9,1
DA:15,18
LF:2
LH:2
BRF:0
BRH:0
end_of_record
